<?xml version="1.0" encoding="UTF-8"?>
<testsuite name="com.example.project.TestQueueStack" tests="1" skipped="0" failures="0" errors="0" timestamp="2024-11-04T11:59:25" hostname="DESKTOP-37S92OM" time="0.009">
  <properties/>
  <testcase name="testSplit2()" classname="com.example.project.TestQueueStack" time="0.009"/>
  <system-out><![CDATA[]]></system-out>
  <system-err><![CDATA[]]></system-err>
</testsuite>
